Traceback (most recent call last):
  File "/home/taxo/TaxoComplete/./src/train.py", line 7, in <module>
    import data_process.data_loader as dl
  File "/home/taxo/TaxoComplete/src/data_process/data_loader.py", line 1, in <module>
    import dgl
  File "/home/taxo/anaconda3/envs/taxocomplete/lib/python3.9/site-packages/dgl/__init__.py", line 16, in <module>
    from . import (
  File "/home/taxo/anaconda3/envs/taxocomplete/lib/python3.9/site-packages/dgl/dataloading/__init__.py", line 13, in <module>
    from .dataloader import *
  File "/home/taxo/anaconda3/envs/taxocomplete/lib/python3.9/site-packages/dgl/dataloading/dataloader.py", line 27, in <module>
    from ..distributed import DistGraph
  File "/home/taxo/anaconda3/envs/taxocomplete/lib/python3.9/site-packages/dgl/distributed/__init__.py", line 5, in <module>
    from .dist_graph import DistGraph, DistGraphServer, edge_split, node_split
  File "/home/taxo/anaconda3/envs/taxocomplete/lib/python3.9/site-packages/dgl/distributed/dist_graph.py", line 11, in <module>
    from .. import backend as F, graphbolt as gb, heterograph_index
  File "/home/taxo/anaconda3/envs/taxocomplete/lib/python3.9/site-packages/dgl/graphbolt/__init__.py", line 8, in <module>
    from .base import *
  File "/home/taxo/anaconda3/envs/taxocomplete/lib/python3.9/site-packages/dgl/graphbolt/base.py", line 8, in <module>
    from torchdata.datapipes.iter import IterDataPipe
ModuleNotFoundError: No module named 'torchdata.datapipes'
