Traceback (most recent call last):
  File "/home/taxo/anaconda3/envs/taxocomplete/lib/python3.9/site-packages/urllib3/connection.py", line 204, in _new_conn
    sock = connection.create_connection(
  File "/home/taxo/anaconda3/envs/taxocomplete/lib/python3.9/site-packages/urllib3/util/connection.py", line 85, in create_connection
    raise err
  File "/home/taxo/anaconda3/envs/taxocomplete/lib/python3.9/site-packages/urllib3/util/connection.py", line 73, in create_connection
    sock.connect(sa)
TimeoutError: [Errno 110] Connection timed out

The above exception was the direct cause of the following exception:

Traceback (most recent call last):
  File "/home/taxo/anaconda3/envs/taxocomplete/lib/python3.9/site-packages/urllib3/connectionpool.py", line 787, in urlopen
    response = self._make_request(
  File "/home/taxo/anaconda3/envs/taxocomplete/lib/python3.9/site-packages/urllib3/connectionpool.py", line 488, in _make_request
    raise new_e
  File "/home/taxo/anaconda3/envs/taxocomplete/lib/python3.9/site-packages/urllib3/connectionpool.py", line 464, in _make_request
    self._validate_conn(conn)
  File "/home/taxo/anaconda3/envs/taxocomplete/lib/python3.9/site-packages/urllib3/connectionpool.py", line 1093, in _validate_conn
    conn.connect()
  File "/home/taxo/anaconda3/envs/taxocomplete/lib/python3.9/site-packages/urllib3/connection.py", line 759, in connect
    self.sock = sock = self._new_conn()
  File "/home/taxo/anaconda3/envs/taxocomplete/lib/python3.9/site-packages/urllib3/connection.py", line 219, in _new_conn
    raise NewConnectionError(
urllib3.exceptions.NewConnectionError: HTTPSConnection(host='huggingface.co', port=443): Failed to establish a new connection: [Errno 110] Connection timed out

The above exception was the direct cause of the following exception:

Traceback (most recent call last):
  File "/home/taxo/anaconda3/envs/taxocomplete/lib/python3.9/site-packages/requests/adapters.py", line 644, in send
    resp = conn.urlopen(
  File "/home/taxo/anaconda3/envs/taxocomplete/lib/python3.9/site-packages/urllib3/connectionpool.py", line 841, in urlopen
    retries = retries.increment(
  File "/home/taxo/anaconda3/envs/taxocomplete/lib/python3.9/site-packages/urllib3/util/retry.py", line 535, in increment
    raise MaxRetryError(_pool, url, reason) from reason  # type: ignore[arg-type]
urllib3.exceptions.MaxRetryError: HTTPSConnectionPool(host='huggingface.co', port=443): Max retries exceeded with url: /api/models/sentence-transformers/multi-qa-distilbert-cos-v1 (Caused by NewConnectionError("HTTPSConnection(host='huggingface.co', port=443): Failed to establish a new connection: [Errno 110] Connection timed out"))

During handling of the above exception, another exception occurred:

Traceback (most recent call last):
  File "/home/taxo/TaxoComplete/./src/train.py", line 39, in <module>
    model = SentenceTransformer.SentenceTransformer(model_name, device='cuda')
  File "/home/taxo/TaxoComplete/src/model/sbert/SentenceTransformer.py", line 89, in __init__
    snapshot_download(model_name_or_path,
  File "/home/taxo/TaxoComplete/src/model/sbert/util.py", line 444, in snapshot_download
    model_info = _api.model_info(repo_id=repo_id, revision=revision, token=token)
  File "/home/taxo/anaconda3/envs/taxocomplete/lib/python3.9/site-packages/huggingface_hub/utils/_validators.py", line 120, in _inner_fn
    return fn(*args, **kwargs)
  File "/home/taxo/anaconda3/envs/taxocomplete/lib/python3.9/site-packages/huggingface_hub/hf_api.py", line 1603, in model_info
    r = get_session().get(path, headers=headers, timeout=timeout, params=params)
  File "/home/taxo/anaconda3/envs/taxocomplete/lib/python3.9/site-packages/requests/sessions.py", line 602, in get
    return self.request("GET", url, **kwargs)
  File "/home/taxo/anaconda3/envs/taxocomplete/lib/python3.9/site-packages/requests/sessions.py", line 589, in request
    resp = self.send(prep, **send_kwargs)
  File "/home/taxo/anaconda3/envs/taxocomplete/lib/python3.9/site-packages/requests/sessions.py", line 703, in send
    r = adapter.send(request, **kwargs)
  File "/home/taxo/anaconda3/envs/taxocomplete/lib/python3.9/site-packages/requests/adapters.py", line 677, in send
    raise ConnectionError(e, request=request)
requests.exceptions.ConnectionError: HTTPSConnectionPool(host='huggingface.co', port=443): Max retries exceeded with url: /api/models/sentence-transformers/multi-qa-distilbert-cos-v1 (Caused by NewConnectionError("HTTPSConnection(host='huggingface.co', port=443): Failed to establish a new connection: [Errno 110] Connection timed out"))
